15:33:21 **** Incremental Build of configuration Debug for project Lab5 ****
make all 
'Building file: ../Sources/Events.c'
'Invoking: Cross ARM C Compiler'
arm-none-eabi-gcc -mcpu=cortex-m4 -mthumb -mfloat-abi=hard -mfpu=fpv4-sp-d16 -O0 -fmessage-length=0 -fsigned-char -ffunction-sections -fdata-sections  -g3 -I"C:/Users/12195032/Documents/Lab5/Lab5/Static_Code/PDD" -I"C:/Users/12195032/Documents/Lab5/Lab5/Static_Code/IO_Map" -I"C:/Users/12195032/Documents/Lab5/Lab5/Sources" -I"C:/Users/12195032/Documents/Lab5/Lab5/Generated_Code" -std=c99 -MMD -MP -MF"Sources/Events.d" -MT"Sources/Events.o" -c -o "Sources/Events.o" "../Sources/Events.c"
'Finished building: ../Sources/Events.c'
' '
'Building file: ../Sources/FIFO.c'
'Invoking: Cross ARM C Compiler'
arm-none-eabi-gcc -mcpu=cortex-m4 -mthumb -mfloat-abi=hard -mfpu=fpv4-sp-d16 -O0 -fmessage-length=0 -fsigned-char -ffunction-sections -fdata-sections  -g3 -I"C:/Users/12195032/Documents/Lab5/Lab5/Static_Code/PDD" -I"C:/Users/12195032/Documents/Lab5/Lab5/Static_Code/IO_Map" -I"C:/Users/12195032/Documents/Lab5/Lab5/Sources" -I"C:/Users/12195032/Documents/Lab5/Lab5/Generated_Code" -std=c99 -MMD -MP -MF"Sources/FIFO.d" -MT"Sources/FIFO.o" -c -o "Sources/FIFO.o" "../Sources/FIFO.c"
'Finished building: ../Sources/FIFO.c'
' '
'Building file: ../Sources/Flash.c'
'Invoking: Cross ARM C Compiler'
arm-none-eabi-gcc -mcpu=cortex-m4 -mthumb -mfloat-abi=hard -mfpu=fpv4-sp-d16 -O0 -fmessage-length=0 -fsigned-char -ffunction-sections -fdata-sections  -g3 -I"C:/Users/12195032/Documents/Lab5/Lab5/Static_Code/PDD" -I"C:/Users/12195032/Documents/Lab5/Lab5/Static_Code/IO_Map" -I"C:/Users/12195032/Documents/Lab5/Lab5/Sources" -I"C:/Users/12195032/Documents/Lab5/Lab5/Generated_Code" -std=c99 -MMD -MP -MF"Sources/Flash.d" -MT"Sources/Flash.o" -c -o "Sources/Flash.o" "../Sources/Flash.c"
'Finished building: ../Sources/Flash.c'
' '
'Building file: ../Sources/I2C.c'
'Invoking: Cross ARM C Compiler'
arm-none-eabi-gcc -mcpu=cortex-m4 -mthumb -mfloat-abi=hard -mfpu=fpv4-sp-d16 -O0 -fmessage-length=0 -fsigned-char -ffunction-sections -fdata-sections  -g3 -I"C:/Users/12195032/Documents/Lab5/Lab5/Static_Code/PDD" -I"C:/Users/12195032/Documents/Lab5/Lab5/Static_Code/IO_Map" -I"C:/Users/12195032/Documents/Lab5/Lab5/Sources" -I"C:/Users/12195032/Documents/Lab5/Lab5/Generated_Code" -std=c99 -MMD -MP -MF"Sources/I2C.d" -MT"Sources/I2C.o" -c -o "Sources/I2C.o" "../Sources/I2C.c"
'Finished building: ../Sources/I2C.c'
' '
'Building file: ../Sources/LEDs.c'
'Invoking: Cross ARM C Compiler'
arm-none-eabi-gcc -mcpu=cortex-m4 -mthumb -mfloat-abi=hard -mfpu=fpv4-sp-d16 -O0 -fmessage-length=0 -fsigned-char -ffunction-sections -fdata-sections  -g3 -I"C:/Users/12195032/Documents/Lab5/Lab5/Static_Code/PDD" -I"C:/Users/12195032/Documents/Lab5/Lab5/Static_Code/IO_Map" -I"C:/Users/12195032/Documents/Lab5/Lab5/Sources" -I"C:/Users/12195032/Documents/Lab5/Lab5/Generated_Code" -std=c99 -MMD -MP -MF"Sources/LEDs.d" -MT"Sources/LEDs.o" -c -o "Sources/LEDs.o" "../Sources/LEDs.c"
'Finished building: ../Sources/LEDs.c'
' '
'Building file: ../Sources/PIT.c'
'Invoking: Cross ARM C Compiler'
arm-none-eabi-gcc -mcpu=cortex-m4 -mthumb -mfloat-abi=hard -mfpu=fpv4-sp-d16 -O0 -fmessage-length=0 -fsigned-char -ffunction-sections -fdata-sections  -g3 -I"C:/Users/12195032/Documents/Lab5/Lab5/Static_Code/PDD" -I"C:/Users/12195032/Documents/Lab5/Lab5/Static_Code/IO_Map" -I"C:/Users/12195032/Documents/Lab5/Lab5/Sources" -I"C:/Users/12195032/Documents/Lab5/Lab5/Generated_Code" -std=c99 -MMD -MP -MF"Sources/PIT.d" -MT"Sources/PIT.o" -c -o "Sources/PIT.o" "../Sources/PIT.c"
'Finished building: ../Sources/PIT.c'
' '
'Building file: ../Sources/RTC.c'
'Invoking: Cross ARM C Compiler'
arm-none-eabi-gcc -mcpu=cortex-m4 -mthumb -mfloat-abi=hard -mfpu=fpv4-sp-d16 -O0 -fmessage-length=0 -fsigned-char -ffunction-sections -fdata-sections  -g3 -I"C:/Users/12195032/Documents/Lab5/Lab5/Static_Code/PDD" -I"C:/Users/12195032/Documents/Lab5/Lab5/Static_Code/IO_Map" -I"C:/Users/12195032/Documents/Lab5/Lab5/Sources" -I"C:/Users/12195032/Documents/Lab5/Lab5/Generated_Code" -std=c99 -MMD -MP -MF"Sources/RTC.d" -MT"Sources/RTC.o" -c -o "Sources/RTC.o" "../Sources/RTC.c"
'Finished building: ../Sources/RTC.c'
' '
'Building file: ../Sources/UART.c'
'Invoking: Cross ARM C Compiler'
arm-none-eabi-gcc -mcpu=cortex-m4 -mthumb -mfloat-abi=hard -mfpu=fpv4-sp-d16 -O0 -fmessage-length=0 -fsigned-char -ffunction-sections -fdata-sections  -g3 -I"C:/Users/12195032/Documents/Lab5/Lab5/Static_Code/PDD" -I"C:/Users/12195032/Documents/Lab5/Lab5/Static_Code/IO_Map" -I"C:/Users/12195032/Documents/Lab5/Lab5/Sources" -I"C:/Users/12195032/Documents/Lab5/Lab5/Generated_Code" -std=c99 -MMD -MP -MF"Sources/UART.d" -MT"Sources/UART.o" -c -o "Sources/UART.o" "../Sources/UART.c"
../Sources/UART.c:24:24: fatal error: Semaphores.h: No such file or directory
 #include "Semaphores.h"
                        ^
compilation terminated.
make: *** [Sources/UART.o] Error 1

15:33:24 Build Finished (took 2s.993ms)

